The system is: Linux - 4.19.128-microsoft-standard - x86_64
Compiling the C compiler identification source file "CMakeCCompilerId.c" succeeded.
Compiler: /usr/bin/cc 
Build flags: --coverage
Id flags:  

The output was:
0


Compilation of the C compiler identification source "CMakeCCompilerId.c" produced "CMakeCCompilerId.gcno"

Compilation of the C compiler identification source "CMakeCCompilerId.c" produced "a.out"

The C compiler identification is GNU, found in "/mnt/c/Users/svet/Downloads/Documents/Projects/mivney/DS1_2020_Wet1/cmake-build-debug-wsl-coverage/CMakeFiles/3.13.4/CompilerIdC/a.out"

Compiling the CXX compiler identification source file "CMakeCXXCompilerId.cpp" succeeded.
Compiler: /usr/bin/c++ 
Build flags: --coverage
Id flags:  

The output was:
0


Compilation of the CXX compiler identification source "CMakeCXXCompilerId.cpp" produced "CMakeCXXCompilerId.gcno"

Compilation of the CXX compiler identification source "CMakeCXXCompilerId.cpp" produced "a.out"

The CXX compiler identification is GNU, found in "/mnt/c/Users/svet/Downloads/Documents/Projects/mivney/DS1_2020_Wet1/cmake-build-debug-wsl-coverage/CMakeFiles/3.13.4/CompilerIdCXX/a.out"

Determining if the C compiler works passed with the following output:
Change Dir: /mnt/c/Users/svet/Downloads/Documents/Projects/mivney/DS1_2020_Wet1/cmake-build-debug-wsl-coverage/CMakeFiles/CMakeTmp

Run Build Command:"/usr/bin/make" "cmTC_d432d/fast"
/usr/bin/make -f CMakeFiles/cmTC_d432d.dir/build.make CMakeFiles/cmTC_d432d.dir/build
make[1]: Entering directory '/mnt/c/Users/svet/Downloads/Documents/Projects/mivney/DS1_2020_Wet1/cmake-build-debug-wsl-coverage/CMakeFiles/CMakeTmp'
Building C object CMakeFiles/cmTC_d432d.dir/testCCompiler.c.o
/usr/bin/cc   --coverage    -o CMakeFiles/cmTC_d432d.dir/testCCompiler.c.o   -c /mnt/c/Users/svet/Downloads/Documents/Projects/mivney/DS1_2020_Wet1/cmake-build-debug-wsl-coverage/CMakeFiles/CMakeTmp/testCCompiler.c
Linking C executable cmTC_d432d
/usr/bin/cmake -E cmake_link_script CMakeFiles/cmTC_d432d.dir/link.txt --verbose=1
/usr/bin/cc --coverage     CMakeFiles/cmTC_d432d.dir/testCCompiler.c.o  -o cmTC_d432d 
make[1]: Leaving directory '/mnt/c/Users/svet/Downloads/Documents/Projects/mivney/DS1_2020_Wet1/cmake-build-debug-wsl-coverage/CMakeFiles/CMakeTmp'


Determining if the CXX compiler works passed with the following output:
Change Dir: /mnt/c/Users/svet/Downloads/Documents/Projects/mivney/DS1_2020_Wet1/cmake-build-debug-wsl-coverage/CMakeFiles/CMakeTmp

Run Build Command:"/usr/bin/make" "cmTC_d4194/fast"
/usr/bin/make -f CMakeFiles/cmTC_d4194.dir/build.make CMakeFiles/cmTC_d4194.dir/build
make[1]: Entering directory '/mnt/c/Users/svet/Downloads/Documents/Projects/mivney/DS1_2020_Wet1/cmake-build-debug-wsl-coverage/CMakeFiles/CMakeTmp'
Building CXX object CMakeFiles/cmTC_d4194.dir/testCXXCompiler.cxx.o
/usr/bin/c++    --coverage    -o CMakeFiles/cmTC_d4194.dir/testCXXCompiler.cxx.o -c /mnt/c/Users/svet/Downloads/Documents/Projects/mivney/DS1_2020_Wet1/cmake-build-debug-wsl-coverage/CMakeFiles/CMakeTmp/testCXXCompiler.cxx
Linking CXX executable cmTC_d4194
/usr/bin/cmake -E cmake_link_script CMakeFiles/cmTC_d4194.dir/link.txt --verbose=1
/usr/bin/c++  --coverage     CMakeFiles/cmTC_d4194.dir/testCXXCompiler.cxx.o  -o cmTC_d4194 
make[1]: Leaving directory '/mnt/c/Users/svet/Downloads/Documents/Projects/mivney/DS1_2020_Wet1/cmake-build-debug-wsl-coverage/CMakeFiles/CMakeTmp'


