The C compiler identification could not be found in "/mnt/c/Users/svet/Downloads/Documents/Projects/mivney/DS1_2020_Wet1/cmake-build-debug-wsl-coverage/CMakeFiles/3.13.4/CompilerIdC/CMakeCCompilerId.gcno"

The CXX compiler identification could not be found in "/mnt/c/Users/svet/Downloads/Documents/Projects/mivney/DS1_2020_Wet1/cmake-build-debug-wsl-coverage/CMakeFiles/3.13.4/CompilerIdCXX/CMakeCXXCompilerId.gcno"

Detecting C compiler ABI info failed to compile with the following output:
Change Dir: /mnt/c/Users/svet/Downloads/Documents/Projects/mivney/DS1_2020_Wet1/cmake-build-debug-wsl-coverage/CMakeFiles/CMakeTmp

Run Build Command:"/usr/bin/make" "cmTC_2cf84/fast"
/usr/bin/make -f CMakeFiles/cmTC_2cf84.dir/build.make CMakeFiles/cmTC_2cf84.dir/build
make[1]: Entering directory '/mnt/c/Users/svet/Downloads/Documents/Projects/mivney/DS1_2020_Wet1/cmake-build-debug-wsl-coverage/CMakeFiles/CMakeTmp'
Building C object CMakeFiles/cmTC_2cf84.dir/CMakeCCompilerABI.c.o
/usr/bin/cc   --coverage    -o CMakeFiles/cmTC_2cf84.dir/CMakeCCompilerABI.c.o   -c /usr/share/cmake-3.13/Modules/CMakeCCompilerABI.c
Linking C executable cmTC_2cf84
/usr/bin/cmake -E cmake_link_script CMakeFiles/cmTC_2cf84.dir/link.txt --verbose=1
/usr/bin/cc --coverage    -v CMakeFiles/cmTC_2cf84.dir/CMakeCCompilerABI.c.o  -o cmTC_2cf84 
Using built-in specs.
COLLECT_GCC=/usr/bin/cc
COLLECT_LTO_WRAPPER=/usr/lib/gcc/x86_64-linux-gnu/8/lto-wrapper
OFFLOAD_TARGET_NAMES=nvptx-none
OFFLOAD_TARGET_DEFAULT=1
Target: x86_64-linux-gnu
Configured with: ../src/configure -v --with-pkgversion='Debian 8.3.0-6' --with-bugurl=file:///usr/share/doc/gcc-8/README.Bugs --enable-languages=c,ada,c++,go,brig,d,fortran,objc,obj-c++ --prefix=/usr --with-gcc-major-version-only --program-suffix=-8 --program-prefix=x86_64-linux-gnu- --enable-shared --enable-linker-build-id --libexecdir=/usr/lib --without-included-gettext --enable-threads=posix --libdir=/usr/lib --enable-nls --enable-bootstrap --enable-clocale=gnu --enable-libstdcxx-debug --enable-libstdcxx-time=yes --with-default-libstdcxx-abi=new --enable-gnu-unique-object --disable-vtable-verify --enable-libmpx --enable-plugin --enable-default-pie --with-system-zlib --with-target-system-zlib --enable-objc-gc=auto --enable-multiarch --disable-werror --with-arch-32=i686 --with-abi=m64 --with-multilib-list=m32,m64,mx32 --enable-multilib --with-tune=generic --enable-offload-targets=nvptx-none --without-cuda-driver --enable-checking=release --build=x86_64-linux-gnu --host=x86_64-linux-gnu --target=x86_64-linux-gnu
Thread model: posix
gcc version 8.3.0 (Debian 8.3.0-6) 
COMPILER_PATH=/usr/lib/gcc/x86_64-linux-gnu/8/:/usr/lib/gcc/x86_64-linux-gnu/8/:/usr/lib/gcc/x86_64-linux-gnu/:/usr/lib/gcc/x86_64-linux-gnu/8/:/usr/lib/gcc/x86_64-linux-gnu/
LIBRARY_PATH=/usr/lib/gcc/x86_64-linux-gnu/8/:/usr/lib/gcc/x86_64-linux-gnu/8/../../../x86_64-linux-gnu/:/usr/lib/gcc/x86_64-linux-gnu/8/../../../../lib/:/lib/x86_64-linux-gnu/:/lib/../lib/:/usr/lib/x86_64-linux-gnu/:/usr/lib/../lib/:/usr/lib/gcc/x86_64-linux-gnu/8/../../../:/lib/:/usr/lib/
COLLECT_GCC_OPTIONS='-coverage' '-v' '-o' 'cmTC_2cf84' '-mtune=generic' '-march=x86-64'
 /usr/lib/gcc/x86_64-linux-gnu/8/collect2 -plugin /usr/lib/gcc/x86_64-linux-gnu/8/liblto_plugin.so -plugin-opt=/usr/lib/gcc/x86_64-linux-gnu/8/lto-wrapper -plugin-opt=-fresolution=/tmp/cceP1AWU.res -plugin-opt=-pass-through=-lgcc -plugin-opt=-pass-through=-lgcc_s -plugin-opt=-pass-through=-lc -plugin-opt=-pass-through=-lgcc -plugin-opt=-pass-through=-lgcc_s --build-id --eh-frame-hdr -m elf_x86_64 --hash-style=gnu -dynamic-linker /lib64/ld-linux-x86-64.so.2 -pie -o cmTC_2cf84 /usr/lib/gcc/x86_64-linux-gnu/8/../../../x86_64-linux-gnu/Scrt1.o /usr/lib/gcc/x86_64-linux-gnu/8/../../../x86_64-linux-gnu/crti.o /usr/lib/gcc/x86_64-linux-gnu/8/crtbeginS.o -L/usr/lib/gcc/x86_64-linux-gnu/8 -L/usr/lib/gcc/x86_64-linux-gnu/8/../../../x86_64-linux-gnu -L/usr/lib/gcc/x86_64-linux-gnu/8/../../../../lib -L/lib/x86_64-linux-gnu -L/lib/../lib -L/usr/lib/x86_64-linux-gnu -L/usr/lib/../lib -L/usr/lib/gcc/x86_64-linux-gnu/8/../../.. CMakeFiles/cmTC_2cf84.dir/CMakeCCompilerABI.c.o -lgcov -lgcc --push-state --as-needed -lgcc_s --pop-state -lc -lgcc --push-state --as-needed -lgcc_s --pop-state /usr/lib/gcc/x86_64-linux-gnu/8/crtendS.o /usr/lib/gcc/x86_64-linux-gnu/8/../../../x86_64-linux-gnu/crtn.o
COLLECT_GCC_OPTIONS='-coverage' '-v' '-o' 'cmTC_2cf84' '-mtune=generic' '-march=x86-64'
make[1]: Leaving directory '/mnt/c/Users/svet/Downloads/Documents/Projects/mivney/DS1_2020_Wet1/cmake-build-debug-wsl-coverage/CMakeFiles/CMakeTmp'

Cannot copy output executable
  '/mnt/c/Users/svet/Downloads/Documents/Projects/mivney/DS1_2020_Wet1/cmake-build-debug-wsl-coverage/CMakeFiles/CMakeTmp/cmTC_2cf84'
to destination specified by COPY_FILE:
  '/mnt/c/Users/svet/Downloads/Documents/Projects/mivney/DS1_2020_Wet1/cmake-build-debug-wsl-coverage/CMakeFiles/3.13.4/CMakeDetermineCompilerABI_C.bin'


Detecting C [-std=c11] compiler features failed to compile with the following output:
Change Dir: /mnt/c/Users/svet/Downloads/Documents/Projects/mivney/DS1_2020_Wet1/cmake-build-debug-wsl-coverage/CMakeFiles/CMakeTmp

Run Build Command:"/usr/bin/make" "cmTC_1d104/fast"
/usr/bin/make -f CMakeFiles/cmTC_1d104.dir/build.make CMakeFiles/cmTC_1d104.dir/build
make[1]: Entering directory '/mnt/c/Users/svet/Downloads/Documents/Projects/mivney/DS1_2020_Wet1/cmake-build-debug-wsl-coverage/CMakeFiles/CMakeTmp'
Building C object CMakeFiles/cmTC_1d104.dir/feature_tests.c.o
/usr/bin/cc   --coverage    -std=c11 -o CMakeFiles/cmTC_1d104.dir/feature_tests.c.o   -c /mnt/c/Users/svet/Downloads/Documents/Projects/mivney/DS1_2020_Wet1/cmake-build-debug-wsl-coverage/CMakeFiles/feature_tests.c
Linking C executable cmTC_1d104
/usr/bin/cmake -E cmake_link_script CMakeFiles/cmTC_1d104.dir/link.txt --verbose=1
/usr/bin/cc --coverage     CMakeFiles/cmTC_1d104.dir/feature_tests.c.o  -o cmTC_1d104 
make[1]: Leaving directory '/mnt/c/Users/svet/Downloads/Documents/Projects/mivney/DS1_2020_Wet1/cmake-build-debug-wsl-coverage/CMakeFiles/CMakeTmp'

Cannot copy output executable
  '/mnt/c/Users/svet/Downloads/Documents/Projects/mivney/DS1_2020_Wet1/cmake-build-debug-wsl-coverage/CMakeFiles/CMakeTmp/cmTC_1d104'
to destination specified by COPY_FILE:
  '/mnt/c/Users/svet/Downloads/Documents/Projects/mivney/DS1_2020_Wet1/cmake-build-debug-wsl-coverage/CMakeFiles/feature_tests.bin'


Detecting CXX compiler ABI info failed to compile with the following output:
Change Dir: /mnt/c/Users/svet/Downloads/Documents/Projects/mivney/DS1_2020_Wet1/cmake-build-debug-wsl-coverage/CMakeFiles/CMakeTmp

Run Build Command:"/usr/bin/make" "cmTC_62c32/fast"
/usr/bin/make -f CMakeFiles/cmTC_62c32.dir/build.make CMakeFiles/cmTC_62c32.dir/build
make[1]: Entering directory '/mnt/c/Users/svet/Downloads/Documents/Projects/mivney/DS1_2020_Wet1/cmake-build-debug-wsl-coverage/CMakeFiles/CMakeTmp'
Building CXX object CMakeFiles/cmTC_62c32.dir/CMakeCXXCompilerABI.cpp.o
/usr/bin/c++    --coverage    -o CMakeFiles/cmTC_62c32.dir/CMakeCXXCompilerABI.cpp.o -c /usr/share/cmake-3.13/Modules/CMakeCXXCompilerABI.cpp
Linking CXX executable cmTC_62c32
/usr/bin/cmake -E cmake_link_script CMakeFiles/cmTC_62c32.dir/link.txt --verbose=1
/usr/bin/c++  --coverage    -v CMakeFiles/cmTC_62c32.dir/CMakeCXXCompilerABI.cpp.o  -o cmTC_62c32 
Using built-in specs.
COLLECT_GCC=/usr/bin/c++
COLLECT_LTO_WRAPPER=/usr/lib/gcc/x86_64-linux-gnu/8/lto-wrapper
OFFLOAD_TARGET_NAMES=nvptx-none
OFFLOAD_TARGET_DEFAULT=1
Target: x86_64-linux-gnu
Configured with: ../src/configure -v --with-pkgversion='Debian 8.3.0-6' --with-bugurl=file:///usr/share/doc/gcc-8/README.Bugs --enable-languages=c,ada,c++,go,brig,d,fortran,objc,obj-c++ --prefix=/usr --with-gcc-major-version-only --program-suffix=-8 --program-prefix=x86_64-linux-gnu- --enable-shared --enable-linker-build-id --libexecdir=/usr/lib --without-included-gettext --enable-threads=posix --libdir=/usr/lib --enable-nls --enable-bootstrap --enable-clocale=gnu --enable-libstdcxx-debug --enable-libstdcxx-time=yes --with-default-libstdcxx-abi=new --enable-gnu-unique-object --disable-vtable-verify --enable-libmpx --enable-plugin --enable-default-pie --with-system-zlib --with-target-system-zlib --enable-objc-gc=auto --enable-multiarch --disable-werror --with-arch-32=i686 --with-abi=m64 --with-multilib-list=m32,m64,mx32 --enable-multilib --with-tune=generic --enable-offload-targets=nvptx-none --without-cuda-driver --enable-checking=release --build=x86_64-linux-gnu --host=x86_64-linux-gnu --target=x86_64-linux-gnu
Thread model: posix
gcc version 8.3.0 (Debian 8.3.0-6) 
COMPILER_PATH=/usr/lib/gcc/x86_64-linux-gnu/8/:/usr/lib/gcc/x86_64-linux-gnu/8/:/usr/lib/gcc/x86_64-linux-gnu/:/usr/lib/gcc/x86_64-linux-gnu/8/:/usr/lib/gcc/x86_64-linux-gnu/
LIBRARY_PATH=/usr/lib/gcc/x86_64-linux-gnu/8/:/usr/lib/gcc/x86_64-linux-gnu/8/../../../x86_64-linux-gnu/:/usr/lib/gcc/x86_64-linux-gnu/8/../../../../lib/:/lib/x86_64-linux-gnu/:/lib/../lib/:/usr/lib/x86_64-linux-gnu/:/usr/lib/../lib/:/usr/lib/gcc/x86_64-linux-gnu/8/../../../:/lib/:/usr/lib/
COLLECT_GCC_OPTIONS='-coverage' '-v' '-o' 'cmTC_62c32' '-shared-libgcc' '-mtune=generic' '-march=x86-64'
 /usr/lib/gcc/x86_64-linux-gnu/8/collect2 -plugin /usr/lib/gcc/x86_64-linux-gnu/8/liblto_plugin.so -plugin-opt=/usr/lib/gcc/x86_64-linux-gnu/8/lto-wrapper -plugin-opt=-fresolution=/tmp/ccVMyX7w.res -plugin-opt=-pass-through=-lgcc_s -plugin-opt=-pass-through=-lgcc -plugin-opt=-pass-through=-lc -plugin-opt=-pass-through=-lgcc_s -plugin-opt=-pass-through=-lgcc --build-id --eh-frame-hdr -m elf_x86_64 --hash-style=gnu -dynamic-linker /lib64/ld-linux-x86-64.so.2 -pie -o cmTC_62c32 /usr/lib/gcc/x86_64-linux-gnu/8/../../../x86_64-linux-gnu/Scrt1.o /usr/lib/gcc/x86_64-linux-gnu/8/../../../x86_64-linux-gnu/crti.o /usr/lib/gcc/x86_64-linux-gnu/8/crtbeginS.o -L/usr/lib/gcc/x86_64-linux-gnu/8 -L/usr/lib/gcc/x86_64-linux-gnu/8/../../../x86_64-linux-gnu -L/usr/lib/gcc/x86_64-linux-gnu/8/../../../../lib -L/lib/x86_64-linux-gnu -L/lib/../lib -L/usr/lib/x86_64-linux-gnu -L/usr/lib/../lib -L/usr/lib/gcc/x86_64-linux-gnu/8/../../.. CMakeFiles/cmTC_62c32.dir/CMakeCXXCompilerABI.cpp.o -lstdc++ -lm -lgcov -lgcc_s -lgcc -lc -lgcc_s -lgcc /usr/lib/gcc/x86_64-linux-gnu/8/crtendS.o /usr/lib/gcc/x86_64-linux-gnu/8/../../../x86_64-linux-gnu/crtn.o
COLLECT_GCC_OPTIONS='-coverage' '-v' '-o' 'cmTC_62c32' '-shared-libgcc' '-mtune=generic' '-march=x86-64'
make[1]: Leaving directory '/mnt/c/Users/svet/Downloads/Documents/Projects/mivney/DS1_2020_Wet1/cmake-build-debug-wsl-coverage/CMakeFiles/CMakeTmp'

Cannot copy output executable
  '/mnt/c/Users/svet/Downloads/Documents/Projects/mivney/DS1_2020_Wet1/cmake-build-debug-wsl-coverage/CMakeFiles/CMakeTmp/cmTC_62c32'
to destination specified by COPY_FILE:
  '/mnt/c/Users/svet/Downloads/Documents/Projects/mivney/DS1_2020_Wet1/cmake-build-debug-wsl-coverage/CMakeFiles/3.13.4/CMakeDetermineCompilerABI_CXX.bin'


Detecting CXX [-std=c++2a] compiler features failed to compile with the following output:
Change Dir: /mnt/c/Users/svet/Downloads/Documents/Projects/mivney/DS1_2020_Wet1/cmake-build-debug-wsl-coverage/CMakeFiles/CMakeTmp

Run Build Command:"/usr/bin/make" "cmTC_b84ca/fast"
/usr/bin/make -f CMakeFiles/cmTC_b84ca.dir/build.make CMakeFiles/cmTC_b84ca.dir/build
make[1]: Entering directory '/mnt/c/Users/svet/Downloads/Documents/Projects/mivney/DS1_2020_Wet1/cmake-build-debug-wsl-coverage/CMakeFiles/CMakeTmp'
Building CXX object CMakeFiles/cmTC_b84ca.dir/feature_tests.cxx.o
/usr/bin/c++    --coverage    -std=c++2a -o CMakeFiles/cmTC_b84ca.dir/feature_tests.cxx.o -c /mnt/c/Users/svet/Downloads/Documents/Projects/mivney/DS1_2020_Wet1/cmake-build-debug-wsl-coverage/CMakeFiles/feature_tests.cxx
Linking CXX executable cmTC_b84ca
/usr/bin/cmake -E cmake_link_script CMakeFiles/cmTC_b84ca.dir/link.txt --verbose=1
/usr/bin/c++  --coverage     CMakeFiles/cmTC_b84ca.dir/feature_tests.cxx.o  -o cmTC_b84ca 
make[1]: Leaving directory '/mnt/c/Users/svet/Downloads/Documents/Projects/mivney/DS1_2020_Wet1/cmake-build-debug-wsl-coverage/CMakeFiles/CMakeTmp'

Cannot copy output executable
  '/mnt/c/Users/svet/Downloads/Documents/Projects/mivney/DS1_2020_Wet1/cmake-build-debug-wsl-coverage/CMakeFiles/CMakeTmp/cmTC_b84ca'
to destination specified by COPY_FILE:
  '/mnt/c/Users/svet/Downloads/Documents/Projects/mivney/DS1_2020_Wet1/cmake-build-debug-wsl-coverage/CMakeFiles/feature_tests.bin'


