The system is: Linux - 4.19.128-microsoft-standard - x86_64
Compiling the C compiler identification source file "CMakeCCompilerId.c" succeeded.
Compiler: /usr/bin/cc 
Build flags: 
Id flags:  

The output was:
0


Compilation of the C compiler identification source "CMakeCCompilerId.c" produced "a.out"

The C compiler identification is GNU, found in "/mnt/c/Users/svet/Downloads/Documents/Projects/mivney/DS1_2020_Wet1/cmake-build-debug-wsl/CMakeFiles/3.13.4/CompilerIdC/a.out"

Compiling the CXX compiler identification source file "CMakeCXXCompilerId.cpp" succeeded.
Compiler: /usr/bin/c++ 
Build flags: 
Id flags:  

The output was:
0


Compilation of the CXX compiler identification source "CMakeCXXCompilerId.cpp" produced "a.out"

The CXX compiler identification is GNU, found in "/mnt/c/Users/svet/Downloads/Documents/Projects/mivney/DS1_2020_Wet1/cmake-build-debug-wsl/CMakeFiles/3.13.4/CompilerIdCXX/a.out"

Determining if the C compiler works passed with the following output:
Change Dir: /mnt/c/Users/svet/Downloads/Documents/Projects/mivney/DS1_2020_Wet1/cmake-build-debug-wsl/CMakeFiles/CMakeTmp

Run Build Command:"/usr/bin/make" "cmTC_39e8c/fast"
make: Warning: File 'Makefile' has modification time 0.79 s in the future
/usr/bin/make -f CMakeFiles/cmTC_39e8c.dir/build.make CMakeFiles/cmTC_39e8c.dir/build
make[1]: Entering directory '/mnt/c/Users/svet/Downloads/Documents/Projects/mivney/DS1_2020_Wet1/cmake-build-debug-wsl/CMakeFiles/CMakeTmp'
make[1]: Warning: File 'CMakeFiles/cmTC_39e8c.dir/flags.make' has modification time 0.75 s in the future
Building C object CMakeFiles/cmTC_39e8c.dir/testCCompiler.c.o
/usr/bin/cc    -o CMakeFiles/cmTC_39e8c.dir/testCCompiler.c.o   -c /mnt/c/Users/svet/Downloads/Documents/Projects/mivney/DS1_2020_Wet1/cmake-build-debug-wsl/CMakeFiles/CMakeTmp/testCCompiler.c
Linking C executable cmTC_39e8c
/usr/bin/cmake -E cmake_link_script CMakeFiles/cmTC_39e8c.dir/link.txt --verbose=1
/usr/bin/cc      CMakeFiles/cmTC_39e8c.dir/testCCompiler.c.o  -o cmTC_39e8c 
make[1]: warning:  Clock skew detected.  Your build may be incomplete.
make[1]: Leaving directory '/mnt/c/Users/svet/Downloads/Documents/Projects/mivney/DS1_2020_Wet1/cmake-build-debug-wsl/CMakeFiles/CMakeTmp'
make: warning:  Clock skew detected.  Your build may be incomplete.


Determining if the CXX compiler works passed with the following output:
Change Dir: /mnt/c/Users/svet/Downloads/Documents/Projects/mivney/DS1_2020_Wet1/cmake-build-debug-wsl/CMakeFiles/CMakeTmp

Run Build Command:"/usr/bin/make" "cmTC_4e3b4/fast"
make: Warning: File 'Makefile' has modification time 0.78 s in the future
/usr/bin/make -f CMakeFiles/cmTC_4e3b4.dir/build.make CMakeFiles/cmTC_4e3b4.dir/build
make[1]: Entering directory '/mnt/c/Users/svet/Downloads/Documents/Projects/mivney/DS1_2020_Wet1/cmake-build-debug-wsl/CMakeFiles/CMakeTmp'
make[1]: Warning: File 'CMakeFiles/cmTC_4e3b4.dir/flags.make' has modification time 0.74 s in the future
Building CXX object CMakeFiles/cmTC_4e3b4.dir/testCXXCompiler.cxx.o
/usr/bin/c++     -o CMakeFiles/cmTC_4e3b4.dir/testCXXCompiler.cxx.o -c /mnt/c/Users/svet/Downloads/Documents/Projects/mivney/DS1_2020_Wet1/cmake-build-debug-wsl/CMakeFiles/CMakeTmp/testCXXCompiler.cxx
Linking CXX executable cmTC_4e3b4
/usr/bin/cmake -E cmake_link_script CMakeFiles/cmTC_4e3b4.dir/link.txt --verbose=1
/usr/bin/c++       CMakeFiles/cmTC_4e3b4.dir/testCXXCompiler.cxx.o  -o cmTC_4e3b4 
make[1]: warning:  Clock skew detected.  Your build may be incomplete.
make[1]: Leaving directory '/mnt/c/Users/svet/Downloads/Documents/Projects/mivney/DS1_2020_Wet1/cmake-build-debug-wsl/CMakeFiles/CMakeTmp'
make: warning:  Clock skew detected.  Your build may be incomplete.


