Detecting C compiler ABI info failed to compile with the following output:
Change Dir: /mnt/c/Users/svet/Downloads/Documents/Projects/mivney/DS1_2020_Wet1/cmake-build-debug-wsl/CMakeFiles/CMakeTmp

Run Build Command:"/usr/bin/make" "cmTC_edf9b/fast"
make: Warning: File 'Makefile' has modification time 0.76 s in the future
/usr/bin/make -f CMakeFiles/cmTC_edf9b.dir/build.make CMakeFiles/cmTC_edf9b.dir/build
make[1]: Entering directory '/mnt/c/Users/svet/Downloads/Documents/Projects/mivney/DS1_2020_Wet1/cmake-build-debug-wsl/CMakeFiles/CMakeTmp'
make[1]: Warning: File 'CMakeFiles/cmTC_edf9b.dir/flags.make' has modification time 0.73 s in the future
Building C object CMakeFiles/cmTC_edf9b.dir/CMakeCCompilerABI.c.o
/usr/bin/cc    -o CMakeFiles/cmTC_edf9b.dir/CMakeCCompilerABI.c.o   -c /usr/share/cmake-3.13/Modules/CMakeCCompilerABI.c
Linking C executable cmTC_edf9b
/usr/bin/cmake -E cmake_link_script CMakeFiles/cmTC_edf9b.dir/link.txt --verbose=1
/usr/bin/cc     -v CMakeFiles/cmTC_edf9b.dir/CMakeCCompilerABI.c.o  -o cmTC_edf9b 
Using built-in specs.
COLLECT_GCC=/usr/bin/cc
COLLECT_LTO_WRAPPER=/usr/lib/gcc/x86_64-linux-gnu/8/lto-wrapper
OFFLOAD_TARGET_NAMES=nvptx-none
OFFLOAD_TARGET_DEFAULT=1
Target: x86_64-linux-gnu
Configured with: ../src/configure -v --with-pkgversion='Debian 8.3.0-6' --with-bugurl=file:///usr/share/doc/gcc-8/README.Bugs --enable-languages=c,ada,c++,go,brig,d,fortran,objc,obj-c++ --prefix=/usr --with-gcc-major-version-only --program-suffix=-8 --program-prefix=x86_64-linux-gnu- --enable-shared --enable-linker-build-id --libexecdir=/usr/lib --without-included-gettext --enable-threads=posix --libdir=/usr/lib --enable-nls --enable-bootstrap --enable-clocale=gnu --enable-libstdcxx-debug --enable-libstdcxx-time=yes --with-default-libstdcxx-abi=new --enable-gnu-unique-object --disable-vtable-verify --enable-libmpx --enable-plugin --enable-default-pie --with-system-zlib --with-target-system-zlib --enable-objc-gc=auto --enable-multiarch --disable-werror --with-arch-32=i686 --with-abi=m64 --with-multilib-list=m32,m64,mx32 --enable-multilib --with-tune=generic --enable-offload-targets=nvptx-none --without-cuda-driver --enable-checking=release --build=x86_64-linux-gnu --host=x86_64-linux-gnu --target=x86_64-linux-gnu
Thread model: posix
gcc version 8.3.0 (Debian 8.3.0-6) 
COMPILER_PATH=/usr/lib/gcc/x86_64-linux-gnu/8/:/usr/lib/gcc/x86_64-linux-gnu/8/:/usr/lib/gcc/x86_64-linux-gnu/:/usr/lib/gcc/x86_64-linux-gnu/8/:/usr/lib/gcc/x86_64-linux-gnu/
LIBRARY_PATH=/usr/lib/gcc/x86_64-linux-gnu/8/:/usr/lib/gcc/x86_64-linux-gnu/8/../../../x86_64-linux-gnu/:/usr/lib/gcc/x86_64-linux-gnu/8/../../../../lib/:/lib/x86_64-linux-gnu/:/lib/../lib/:/usr/lib/x86_64-linux-gnu/:/usr/lib/../lib/:/usr/lib/gcc/x86_64-linux-gnu/8/../../../:/lib/:/usr/lib/
COLLECT_GCC_OPTIONS='-v' '-o' 'cmTC_edf9b' '-mtune=generic' '-march=x86-64'
 /usr/lib/gcc/x86_64-linux-gnu/8/collect2 -plugin /usr/lib/gcc/x86_64-linux-gnu/8/liblto_plugin.so -plugin-opt=/usr/lib/gcc/x86_64-linux-gnu/8/lto-wrapper -plugin-opt=-fresolution=/tmp/ccFLsG8c.res -plugin-opt=-pass-through=-lgcc -plugin-opt=-pass-through=-lgcc_s -plugin-opt=-pass-through=-lc -plugin-opt=-pass-through=-lgcc -plugin-opt=-pass-through=-lgcc_s --build-id --eh-frame-hdr -m elf_x86_64 --hash-style=gnu -dynamic-linker /lib64/ld-linux-x86-64.so.2 -pie -o cmTC_edf9b /usr/lib/gcc/x86_64-linux-gnu/8/../../../x86_64-linux-gnu/Scrt1.o /usr/lib/gcc/x86_64-linux-gnu/8/../../../x86_64-linux-gnu/crti.o /usr/lib/gcc/x86_64-linux-gnu/8/crtbeginS.o -L/usr/lib/gcc/x86_64-linux-gnu/8 -L/usr/lib/gcc/x86_64-linux-gnu/8/../../../x86_64-linux-gnu -L/usr/lib/gcc/x86_64-linux-gnu/8/../../../../lib -L/lib/x86_64-linux-gnu -L/lib/../lib -L/usr/lib/x86_64-linux-gnu -L/usr/lib/../lib -L/usr/lib/gcc/x86_64-linux-gnu/8/../../.. CMakeFiles/cmTC_edf9b.dir/CMakeCCompilerABI.c.o -lgcc --push-state --as-needed -lgcc_s --pop-state -lc -lgcc --push-state --as-needed -lgcc_s --pop-state /usr/lib/gcc/x86_64-linux-gnu/8/crtendS.o /usr/lib/gcc/x86_64-linux-gnu/8/../../../x86_64-linux-gnu/crtn.o
COLLECT_GCC_OPTIONS='-v' '-o' 'cmTC_edf9b' '-mtune=generic' '-march=x86-64'
make[1]: warning:  Clock skew detected.  Your build may be incomplete.
make[1]: Leaving directory '/mnt/c/Users/svet/Downloads/Documents/Projects/mivney/DS1_2020_Wet1/cmake-build-debug-wsl/CMakeFiles/CMakeTmp'
make: warning:  Clock skew detected.  Your build may be incomplete.

Cannot copy output executable
  '/mnt/c/Users/svet/Downloads/Documents/Projects/mivney/DS1_2020_Wet1/cmake-build-debug-wsl/CMakeFiles/CMakeTmp/cmTC_edf9b'
to destination specified by COPY_FILE:
  '/mnt/c/Users/svet/Downloads/Documents/Projects/mivney/DS1_2020_Wet1/cmake-build-debug-wsl/CMakeFiles/3.13.4/CMakeDetermineCompilerABI_C.bin'


Detecting C [-std=c11] compiler features failed to compile with the following output:
Change Dir: /mnt/c/Users/svet/Downloads/Documents/Projects/mivney/DS1_2020_Wet1/cmake-build-debug-wsl/CMakeFiles/CMakeTmp

Run Build Command:"/usr/bin/make" "cmTC_e631f/fast"
make: Warning: File 'Makefile' has modification time 0.79 s in the future
/usr/bin/make -f CMakeFiles/cmTC_e631f.dir/build.make CMakeFiles/cmTC_e631f.dir/build
make[1]: Entering directory '/mnt/c/Users/svet/Downloads/Documents/Projects/mivney/DS1_2020_Wet1/cmake-build-debug-wsl/CMakeFiles/CMakeTmp'
make[1]: Warning: File 'CMakeFiles/cmTC_e631f.dir/flags.make' has modification time 0.75 s in the future
Building C object CMakeFiles/cmTC_e631f.dir/feature_tests.c.o
/usr/bin/cc   -std=c11 -o CMakeFiles/cmTC_e631f.dir/feature_tests.c.o   -c /mnt/c/Users/svet/Downloads/Documents/Projects/mivney/DS1_2020_Wet1/cmake-build-debug-wsl/CMakeFiles/feature_tests.c
Linking C executable cmTC_e631f
/usr/bin/cmake -E cmake_link_script CMakeFiles/cmTC_e631f.dir/link.txt --verbose=1
/usr/bin/cc      CMakeFiles/cmTC_e631f.dir/feature_tests.c.o  -o cmTC_e631f 
make[1]: warning:  Clock skew detected.  Your build may be incomplete.
make[1]: Leaving directory '/mnt/c/Users/svet/Downloads/Documents/Projects/mivney/DS1_2020_Wet1/cmake-build-debug-wsl/CMakeFiles/CMakeTmp'
make: warning:  Clock skew detected.  Your build may be incomplete.

Cannot copy output executable
  '/mnt/c/Users/svet/Downloads/Documents/Projects/mivney/DS1_2020_Wet1/cmake-build-debug-wsl/CMakeFiles/CMakeTmp/cmTC_e631f'
to destination specified by COPY_FILE:
  '/mnt/c/Users/svet/Downloads/Documents/Projects/mivney/DS1_2020_Wet1/cmake-build-debug-wsl/CMakeFiles/feature_tests.bin'


Detecting CXX compiler ABI info failed to compile with the following output:
Change Dir: /mnt/c/Users/svet/Downloads/Documents/Projects/mivney/DS1_2020_Wet1/cmake-build-debug-wsl/CMakeFiles/CMakeTmp

Run Build Command:"/usr/bin/make" "cmTC_203c0/fast"
make: Warning: File 'Makefile' has modification time 0.79 s in the future
/usr/bin/make -f CMakeFiles/cmTC_203c0.dir/build.make CMakeFiles/cmTC_203c0.dir/build
make[1]: Entering directory '/mnt/c/Users/svet/Downloads/Documents/Projects/mivney/DS1_2020_Wet1/cmake-build-debug-wsl/CMakeFiles/CMakeTmp'
make[1]: Warning: File 'CMakeFiles/cmTC_203c0.dir/flags.make' has modification time 0.75 s in the future
Building CXX object CMakeFiles/cmTC_203c0.dir/CMakeCXXCompilerABI.cpp.o
/usr/bin/c++     -o CMakeFiles/cmTC_203c0.dir/CMakeCXXCompilerABI.cpp.o -c /usr/share/cmake-3.13/Modules/CMakeCXXCompilerABI.cpp
Linking CXX executable cmTC_203c0
/usr/bin/cmake -E cmake_link_script CMakeFiles/cmTC_203c0.dir/link.txt --verbose=1
/usr/bin/c++      -v CMakeFiles/cmTC_203c0.dir/CMakeCXXCompilerABI.cpp.o  -o cmTC_203c0 
Using built-in specs.
COLLECT_GCC=/usr/bin/c++
COLLECT_LTO_WRAPPER=/usr/lib/gcc/x86_64-linux-gnu/8/lto-wrapper
OFFLOAD_TARGET_NAMES=nvptx-none
OFFLOAD_TARGET_DEFAULT=1
Target: x86_64-linux-gnu
Configured with: ../src/configure -v --with-pkgversion='Debian 8.3.0-6' --with-bugurl=file:///usr/share/doc/gcc-8/README.Bugs --enable-languages=c,ada,c++,go,brig,d,fortran,objc,obj-c++ --prefix=/usr --with-gcc-major-version-only --program-suffix=-8 --program-prefix=x86_64-linux-gnu- --enable-shared --enable-linker-build-id --libexecdir=/usr/lib --without-included-gettext --enable-threads=posix --libdir=/usr/lib --enable-nls --enable-bootstrap --enable-clocale=gnu --enable-libstdcxx-debug --enable-libstdcxx-time=yes --with-default-libstdcxx-abi=new --enable-gnu-unique-object --disable-vtable-verify --enable-libmpx --enable-plugin --enable-default-pie --with-system-zlib --with-target-system-zlib --enable-objc-gc=auto --enable-multiarch --disable-werror --with-arch-32=i686 --with-abi=m64 --with-multilib-list=m32,m64,mx32 --enable-multilib --with-tune=generic --enable-offload-targets=nvptx-none --without-cuda-driver --enable-checking=release --build=x86_64-linux-gnu --host=x86_64-linux-gnu --target=x86_64-linux-gnu
Thread model: posix
gcc version 8.3.0 (Debian 8.3.0-6) 
COMPILER_PATH=/usr/lib/gcc/x86_64-linux-gnu/8/:/usr/lib/gcc/x86_64-linux-gnu/8/:/usr/lib/gcc/x86_64-linux-gnu/:/usr/lib/gcc/x86_64-linux-gnu/8/:/usr/lib/gcc/x86_64-linux-gnu/
LIBRARY_PATH=/usr/lib/gcc/x86_64-linux-gnu/8/:/usr/lib/gcc/x86_64-linux-gnu/8/../../../x86_64-linux-gnu/:/usr/lib/gcc/x86_64-linux-gnu/8/../../../../lib/:/lib/x86_64-linux-gnu/:/lib/../lib/:/usr/lib/x86_64-linux-gnu/:/usr/lib/../lib/:/usr/lib/gcc/x86_64-linux-gnu/8/../../../:/lib/:/usr/lib/
COLLECT_GCC_OPTIONS='-v' '-o' 'cmTC_203c0' '-shared-libgcc' '-mtune=generic' '-march=x86-64'
 /usr/lib/gcc/x86_64-linux-gnu/8/collect2 -plugin /usr/lib/gcc/x86_64-linux-gnu/8/liblto_plugin.so -plugin-opt=/usr/lib/gcc/x86_64-linux-gnu/8/lto-wrapper -plugin-opt=-fresolution=/tmp/cc5JgxfW.res -plugin-opt=-pass-through=-lgcc_s -plugin-opt=-pass-through=-lgcc -plugin-opt=-pass-through=-lc -plugin-opt=-pass-through=-lgcc_s -plugin-opt=-pass-through=-lgcc --build-id --eh-frame-hdr -m elf_x86_64 --hash-style=gnu -dynamic-linker /lib64/ld-linux-x86-64.so.2 -pie -o cmTC_203c0 /usr/lib/gcc/x86_64-linux-gnu/8/../../../x86_64-linux-gnu/Scrt1.o /usr/lib/gcc/x86_64-linux-gnu/8/../../../x86_64-linux-gnu/crti.o /usr/lib/gcc/x86_64-linux-gnu/8/crtbeginS.o -L/usr/lib/gcc/x86_64-linux-gnu/8 -L/usr/lib/gcc/x86_64-linux-gnu/8/../../../x86_64-linux-gnu -L/usr/lib/gcc/x86_64-linux-gnu/8/../../../../lib -L/lib/x86_64-linux-gnu -L/lib/../lib -L/usr/lib/x86_64-linux-gnu -L/usr/lib/../lib -L/usr/lib/gcc/x86_64-linux-gnu/8/../../.. CMakeFiles/cmTC_203c0.dir/CMakeCXXCompilerABI.cpp.o -lstdc++ -lm -lgcc_s -lgcc -lc -lgcc_s -lgcc /usr/lib/gcc/x86_64-linux-gnu/8/crtendS.o /usr/lib/gcc/x86_64-linux-gnu/8/../../../x86_64-linux-gnu/crtn.o
COLLECT_GCC_OPTIONS='-v' '-o' 'cmTC_203c0' '-shared-libgcc' '-mtune=generic' '-march=x86-64'
make[1]: warning:  Clock skew detected.  Your build may be incomplete.
make[1]: Leaving directory '/mnt/c/Users/svet/Downloads/Documents/Projects/mivney/DS1_2020_Wet1/cmake-build-debug-wsl/CMakeFiles/CMakeTmp'
make: warning:  Clock skew detected.  Your build may be incomplete.

Cannot copy output executable
  '/mnt/c/Users/svet/Downloads/Documents/Projects/mivney/DS1_2020_Wet1/cmake-build-debug-wsl/CMakeFiles/CMakeTmp/cmTC_203c0'
to destination specified by COPY_FILE:
  '/mnt/c/Users/svet/Downloads/Documents/Projects/mivney/DS1_2020_Wet1/cmake-build-debug-wsl/CMakeFiles/3.13.4/CMakeDetermineCompilerABI_CXX.bin'


Detecting CXX [-std=c++2a] compiler features failed to compile with the following output:
Change Dir: /mnt/c/Users/svet/Downloads/Documents/Projects/mivney/DS1_2020_Wet1/cmake-build-debug-wsl/CMakeFiles/CMakeTmp

Run Build Command:"/usr/bin/make" "cmTC_ac24e/fast"
make: Warning: File 'Makefile' has modification time 0.8 s in the future
/usr/bin/make -f CMakeFiles/cmTC_ac24e.dir/build.make CMakeFiles/cmTC_ac24e.dir/build
make[1]: Entering directory '/mnt/c/Users/svet/Downloads/Documents/Projects/mivney/DS1_2020_Wet1/cmake-build-debug-wsl/CMakeFiles/CMakeTmp'
make[1]: Warning: File 'CMakeFiles/cmTC_ac24e.dir/flags.make' has modification time 0.75 s in the future
Building CXX object CMakeFiles/cmTC_ac24e.dir/feature_tests.cxx.o
/usr/bin/c++    -std=c++2a -o CMakeFiles/cmTC_ac24e.dir/feature_tests.cxx.o -c /mnt/c/Users/svet/Downloads/Documents/Projects/mivney/DS1_2020_Wet1/cmake-build-debug-wsl/CMakeFiles/feature_tests.cxx
Linking CXX executable cmTC_ac24e
/usr/bin/cmake -E cmake_link_script CMakeFiles/cmTC_ac24e.dir/link.txt --verbose=1
/usr/bin/c++       CMakeFiles/cmTC_ac24e.dir/feature_tests.cxx.o  -o cmTC_ac24e 
make[1]: warning:  Clock skew detected.  Your build may be incomplete.
make[1]: Leaving directory '/mnt/c/Users/svet/Downloads/Documents/Projects/mivney/DS1_2020_Wet1/cmake-build-debug-wsl/CMakeFiles/CMakeTmp'
make: warning:  Clock skew detected.  Your build may be incomplete.

Cannot copy output executable
  '/mnt/c/Users/svet/Downloads/Documents/Projects/mivney/DS1_2020_Wet1/cmake-build-debug-wsl/CMakeFiles/CMakeTmp/cmTC_ac24e'
to destination specified by COPY_FILE:
  '/mnt/c/Users/svet/Downloads/Documents/Projects/mivney/DS1_2020_Wet1/cmake-build-debug-wsl/CMakeFiles/feature_tests.bin'


